#
# There is insufficient memory for the Java Runtime Environment to continue.
# Native memory allocation (mmap) failed to map 134217728 bytes for G1 virtual space
# Possible reasons:
#   The system is out of physical RAM or swap space
#   The process is running with CompressedOops enabled, and the Java Heap may be blocking the growth of the native heap
# Possible solutions:
#   Reduce memory load on the system
#   Increase physical memory or swap space
#   Check if swap backing store is full
#   Decrease Java heap size (-Xmx/-Xms)
#   Decrease number of Java threads
#   Decrease Java thread stack sizes (-Xss)
#   Set larger code cache with -XX:ReservedCodeCacheSize=
#   JVM is running with Unscaled Compressed Oops mode in which the Java heap is
#     placed in the first 4GB address space. The Java Heap base address is the
#     maximum limit for the native heap growth. Please use -XX:HeapBaseMinAddress
#     to set the Java Heap base and to place the Java Heap above 4GB virtual address.
# This output file may be truncated or incomplete.
#
#  Out of Memory Error (os_windows.cpp:3600), pid=16060, tid=10228
#
# JRE version:  (21.0.1+12) (build )
# Java VM: Java HotSpot(TM) 64-Bit Server VM (21.0.1+12-LTS-29, mixed mode, sharing, tiered, compressed oops, compressed class ptrs, g1 gc, windows-amd64)
# No core dump will be written. Minidumps are not enabled by default on client versions of Windows
#

---------------  S U M M A R Y ------------

Command Line: -Dfile.encoding=UTF-8 --module-path=C:\Users\Ljubomir\Documents\NetBeansProjects\Vezbe13\JavaPSClientApp\build\classes main.Main

Host: Intel(R) Core(TM) i5-4670K CPU @ 3.40GHz, 4 cores, 7G,  Windows 10 , 64 bit Build 19041 (10.0.19041.3636)
Time: Mon Jan 29 20:04:01 2024 Central Europe Standard Time elapsed time: 0.011171 seconds (0d 0h 0m 0s)

---------------  T H R E A D  ---------------

Current thread (0x00000176e171f8a0):  JavaThread "Unknown thread" [_thread_in_vm, id=10228, stack(0x0000003ecb200000,0x0000003ecb300000) (1024K)]

Stack: [0x0000003ecb200000,0x0000003ecb300000]
Native frames: (J=compiled Java code, j=interpreted, Vv=VM code, C=native code)
V  [jvm.dll+0x6c9029]
V  [jvm.dll+0x854b81]
V  [jvm.dll+0x856e5e]
V  [jvm.dll+0x857543]
V  [jvm.dll+0x280c06]
V  [jvm.dll+0x6c5715]
V  [jvm.dll+0x6ba10a]
V  [jvm.dll+0x3557ea]
V  [jvm.dll+0x35d436]
V  [jvm.dll+0x3ae1be]
V  [jvm.dll+0x3ae468]
V  [jvm.dll+0x3291fc]
V  [jvm.dll+0x329d8b]
V  [jvm.dll+0x81d179]
V  [jvm.dll+0x3bb4f1]
V  [jvm.dll+0x805ae8]
V  [jvm.dll+0x44effe]
V  [jvm.dll+0x450901]
C  [jli.dll+0x52a3]
C  [ucrtbase.dll+0x21bb2]
C  [KERNEL32.DLL+0x17344]
C  [ntdll.dll+0x526b1]


---------------  P R O C E S S  ---------------

Threads class SMR info:
_java_thread_list=0x00007ffcce9a9b88, length=0, elements={
}

Java Threads: ( => current thread )
Total: 0

Other Threads:
  0x00000176e1770570 WorkerThread "GC Thread#0"                     [id=21584, stack(0x0000003ecb300000,0x0000003ecb400000) (1024K)]
  0x00000176e1783070 ConcurrentGCThread "G1 Main Marker"            [id=1000, stack(0x0000003ecb400000,0x0000003ecb500000) (1024K)]
  0x00000176e1784220 WorkerThread "G1 Conc#0"                       [id=14872, stack(0x0000003ecb500000,0x0000003ecb600000) (1024K)]

[error occurred during error reporting (printing all threads), id 0xc0000005, EXCEPTION_ACCESS_VIOLATION (0xc0000005) at pc=0x00007ffcce11c2c7]
VM state: not at safepoint (not fully initialized)

VM Mutex/Monitor currently owned by a thread:  ([mutex/lock_event])
[0x00007ffccea1a6f8] Heap_lock - owner thread: 0x00000176e171f8a0

Heap address: 0x0000000080e00000, size: 2034 MB, Compressed Oops mode: 32-bit

CDS archive(s) mapped at: [0x0000000000000000-0x0000000000000000-0x0000000000000000), size 0, SharedBaseAddress: 0x0000000800000000, ArchiveRelocationMode: 1.
Narrow klass base: 0x0000000000000000, Narrow klass shift: 0, Narrow klass range: 0x0

GC Precious Log:
 CardTable entry size: 512
 Card Set container configuration: InlinePtr #cards 5 size 8 Array Of Cards #cards 12 size 40 Howl #buckets 4 coarsen threshold 1843 Howl Bitmap #cards 512 size 80 coarsen threshold 460 Card regions per heap region 1 cards per card region 2048

Heap:
 garbage-first heap   total 0K, used 0K [0x0000000080e00000, 0x0000000100000000)
  region size 1024K, 0 young (0K), 0 survivors (0K)

[error occurred during error reporting (printing heap information), id 0xc0000005, EXCEPTION_ACCESS_VIOLATION (0xc0000005) at pc=0x00007ffcce501be9]
GC Heap History (0 events):
No events

Dll operation events (1 events):
Event: 0.005 Loaded shared library C:\Program Files\Java\jdk-21\bin\java.dll

Deoptimization events (0 events):
No events

Classes loaded (0 events):
No events

Classes unloaded (0 events):
No events

Classes redefined (0 events):
No events

Internal exceptions (0 events):
No events

ZGC Phase Switch (0 events):
No events

VM Operations (0 events):
No events

Events (0 events):
No events


Dynamic libraries:
0x00007ff737960000 - 0x00007ff737970000 	C:\Program Files\Java\jdk-21\bin\java.exe
0x00007ffd5ecd0000 - 0x00007ffd5eec8000 	C:\WINDOWS\SYSTEM32\ntdll.dll
0x00007ffd5de00000 - 0x00007ffd5debd000 	C:\WINDOWS\System32\KERNEL32.DLL
0x00007ffd5c580000 - 0x00007ffd5c876000 	C:\WINDOWS\System32\KERNELBASE.dll
0x00007ffd5ca00000 - 0x00007ffd5cb00000 	C:\WINDOWS\System32\ucrtbase.dll
0x00007ffd55f60000 - 0x00007ffd55f7b000 	C:\Program Files\Java\jdk-21\bin\VCRUNTIME140.dll
0x00007ffd55f90000 - 0x00007ffd55fa9000 	C:\Program Files\Java\jdk-21\bin\jli.dll
0x00007ffd5e730000 - 0x00007ffd5e7e3000 	C:\WINDOWS\System32\ADVAPI32.dll
0x00007ffd5e100000 - 0x00007ffd5e19e000 	C:\WINDOWS\System32\msvcrt.dll
0x00007ffd5dbb0000 - 0x00007ffd5dc4f000 	C:\WINDOWS\System32\sechost.dll
0x00007ffd5d990000 - 0x00007ffd5dab6000 	C:\WINDOWS\System32\RPCRT4.dll
0x00007ffd5c930000 - 0x00007ffd5c957000 	C:\WINDOWS\System32\bcrypt.dll
0x00007ffd5d7f0000 - 0x00007ffd5d98e000 	C:\WINDOWS\System32\USER32.dll
0x00007ffd5ccf0000 - 0x00007ffd5cd12000 	C:\WINDOWS\System32\win32u.dll
0x00007ffd4f030000 - 0x00007ffd4f2ca000 	C:\WINDOWS\WinSxS\amd64_microsoft.windows.common-controls_6595b64144ccf1df_6.0.19041.3636_none_60b6a03d71f818d5\COMCTL32.dll
0x00007ffd5e0d0000 - 0x00007ffd5e0fc000 	C:\WINDOWS\System32\GDI32.dll
0x00007ffd5c3a0000 - 0x00007ffd5c4ba000 	C:\WINDOWS\System32\gdi32full.dll
0x00007ffd5c960000 - 0x00007ffd5c9fd000 	C:\WINDOWS\System32\msvcp_win.dll
0x00007ffd54b60000 - 0x00007ffd54b6a000 	C:\WINDOWS\SYSTEM32\VERSION.dll
0x00007ffd5dc60000 - 0x00007ffd5dc90000 	C:\WINDOWS\System32\IMM32.DLL
0x00007ffd57620000 - 0x00007ffd5762c000 	C:\Program Files\Java\jdk-21\bin\vcruntime140_1.dll
0x00007ffd21fe0000 - 0x00007ffd2206e000 	C:\Program Files\Java\jdk-21\bin\msvcp140.dll
0x00007ffccdde0000 - 0x00007ffcceaf5000 	C:\Program Files\Java\jdk-21\bin\server\jvm.dll
0x00007ffd5db40000 - 0x00007ffd5dbab000 	C:\WINDOWS\System32\WS2_32.dll
0x00007ffd5b8f0000 - 0x00007ffd5b93b000 	C:\WINDOWS\SYSTEM32\POWRPROF.dll
0x00007ffd51bd0000 - 0x00007ffd51bf7000 	C:\WINDOWS\SYSTEM32\WINMM.dll
0x00007ffd5b7b0000 - 0x00007ffd5b7c2000 	C:\WINDOWS\SYSTEM32\UMPDC.dll
0x00007ffd5a270000 - 0x00007ffd5a282000 	C:\WINDOWS\SYSTEM32\kernel.appcore.dll
0x00007ffd55e80000 - 0x00007ffd55e8a000 	C:\Program Files\Java\jdk-21\bin\jimage.dll
0x00007ffd4f8a0000 - 0x00007ffd4fa84000 	C:\WINDOWS\SYSTEM32\DBGHELP.DLL
0x00007ffd44be0000 - 0x00007ffd44c14000 	C:\WINDOWS\SYSTEM32\dbgcore.DLL
0x00007ffd5cc60000 - 0x00007ffd5cce2000 	C:\WINDOWS\System32\bcryptPrimitives.dll
0x00007ffd55d70000 - 0x00007ffd55d8f000 	C:\Program Files\Java\jdk-21\bin\java.dll

dbghelp: loaded successfully - version: 4.0.5 - missing functions: none
symbol engine: initialized successfully - sym options: 0x614 - pdb path: .;C:\Program Files\Java\jdk-21\bin;C:\WINDOWS\SYSTEM32;C:\WINDOWS\WinSxS\amd64_microsoft.windows.common-controls_6595b64144ccf1df_6.0.19041.3636_none_60b6a03d71f818d5;C:\Program Files\Java\jdk-21\bin\server

VM Arguments:
jvm_args: -Dfile.encoding=UTF-8 --module-path=C:\Users\Ljubomir\Documents\NetBeansProjects\Vezbe13\JavaPSClientApp\build\classes 
java_command: main.Main
java_class_path (initial): C:\Users\Ljubomir\Documents\NetBeansProjects\Vezbe13\JavaPSCommonApp\build\classes;C:\Users\Ljubomir\Documents\NetBeansProjects\Vezbe13\JavaPSClientApp\build\classes
Launcher Type: SUN_STANDARD

[Global flags]
     intx CICompilerCount                          = 3                                         {product} {ergonomic}
     uint ConcGCThreads                            = 1                                         {product} {ergonomic}
     uint G1ConcRefinementThreads                  = 4                                         {product} {ergonomic}
   size_t G1HeapRegionSize                         = 1048576                                   {product} {ergonomic}
    uintx GCDrainStackTargetSize                   = 64                                        {product} {ergonomic}
   size_t InitialHeapSize                          = 134217728                                 {product} {ergonomic}
   size_t MarkStackSize                            = 4194304                                   {product} {ergonomic}
   size_t MaxHeapSize                              = 2132803584                                {product} {ergonomic}
   size_t MinHeapDeltaBytes                        = 1048576                                   {product} {ergonomic}
   size_t MinHeapSize                              = 8388608                                   {product} {ergonomic}
    uintx NonNMethodCodeHeapSize                   = 5832780                                {pd product} {ergonomic}
    uintx NonProfiledCodeHeapSize                  = 122912730                              {pd product} {ergonomic}
    uintx ProfiledCodeHeapSize                     = 122912730                              {pd product} {ergonomic}
    uintx ReservedCodeCacheSize                    = 251658240                              {pd product} {ergonomic}
     bool SegmentedCodeCache                       = true                                      {product} {ergonomic}
   size_t SoftMaxHeapSize                          = 2132803584                             {manageable} {ergonomic}
     bool UseCompressedOops                        = true                           {product lp64_product} {ergonomic}
     bool UseG1GC                                  = true                                      {product} {ergonomic}
     bool UseLargePagesIndividualAllocation        = false                                  {pd product} {ergonomic}

Logging:
Log output configuration:
 #0: stdout all=warning uptime,level,tags foldmultilines=false
 #1: stderr all=off uptime,level,tags foldmultilines=false

Environment Variables:
PATH=C:\Program Files\Common Files\Oracle\Java\javapath;C:\app\Ljubomir\product\21c\dbhomeXE\bin;C:\Program Files (x86)\Common Files\Oracle\Java\javapath;C:\Program Files (x86)\Common Files\Intel\Shared Libraries\redist\intel64\compiler;C:\WINDOWS\system32;C:\WINDOWS;C:\WINDOWS\System32\Wbem;C:\WINDOWS\System32\WindowsPowerShell\v1.0\;C:\Program Files (x86)\ATI Technologies\ATI.ACE\Core-Static;C:\Program Files (x86)\QuickTime\QTSystem\;C:\Program Files (x86)\AMD\ATI.ACE\Core-Static;C:\WINDOWS\System32\OpenSSH\;C:\Program Files (x86)\NVIDIA Corporation\PhysX\Common;C:\Program Files\dotnet\;C:\Program Files\Microsoft SQL Server\130\Tools\Binn\;C:\Program Files\Microsoft SQL Server\Client SDK\ODBC\170\Tools\Binn\;C:\WINDOWS\system32;C:\WINDOWS;C:\WINDOWS\System32\Wbem;C:\WINDOWS\System32\WindowsPowerShell\v1.0\;C:\WINDOWS\System32\OpenSSH\;C:\Program Files\nodejs\;C:\Program Files\Git\cmd;C:\Program Files\MATLAB\R2017a\runtime\win64;C:\Program Files\MATLAB\R2017a\bin;C:\data\neo4j;C:\data\neo4j\bin;C:\Program Files\MySQL\MySQL Server 8.0\bin;C:\Users\Ljubomir\anaconda3\Scripts;C:\Program Files\MySQL\MySQL Shell 8.0\bin\;C:\Users\Ljubomir\AppData\Local\Programs\Python\Python39\Scripts\;C:\Users\Ljubomir\AppData\Local\Programs\Python\Python39\;C:\Users\Ljubomir\AppData\Local\Microsoft\WindowsApps;;C:\Users\Ljubomir\AppData\Local\Programs\Microsoft VS Code\bin;C:\Users\Ljubomir\AppData\Roaming\npm
USERNAME=Ljubomir
OS=Windows_NT
PROCESSOR_IDENTIFIER=Intel64 Family 6 Model 60 Stepping 3, GenuineIntel
TMP=C:\Users\Ljubomir\AppData\Local\Temp
TEMP=C:\Users\Ljubomir\AppData\Local\Temp




Periodic native trim disabled

---------------  S Y S T E M  ---------------

OS:
 Windows 10 , 64 bit Build 19041 (10.0.19041.3636)
OS uptime: 2 days 10:16 hours

CPU: total 4 (initial active 4) (4 cores per cpu, 1 threads per core) family 6 model 60 stepping 3 microcode 0x27, cx8, cmov, fxsr, mmx, sse, sse2, sse3, ssse3, sse4.1, sse4.2, popcnt, lzcnt, tsc, tscinvbit, avx, avx2, aes, erms, clmul, bmi1, bmi2, fma, vzeroupper, clflush, rdtscp, f16c
Processor Information for all 4 processors :
  Max Mhz: 3401, Current Mhz: 3401, Mhz Limit: 3401

Memory: 4k page, system-wide physical 8133M (817M free)
TotalPageFile size 18133M (AvailPageFile size 34M)
current process WorkingSet (physical memory assigned to process): 10M, peak: 10M
current process commit charge ("private bytes"): 52M, peak: 179M

vm_info: Java HotSpot(TM) 64-Bit Server VM (21.0.1+12-LTS-29) for windows-amd64 JRE (21.0.1+12-LTS-29), built on 2023-10-05T13:27:09Z by "mach5one" with MS VC++ 17.1 (VS2022)

END.
